#
# A fatal error has been detected by the Java Runtime Environment:
#
#  SIGSEGV (0xb) at pc=0x00007f3f4e339a9c, pid=15976, tid=139909418624768
#
# JRE version: Java(TM) SE Runtime Environment (7.0_40-b43) (build 1.7.0_40-b43)
# Java VM: Java HotSpot(TM) 64-Bit Server VM (24.0-b56 mixed mode linux-amd64 compressed oops)
# Problematic frame:
# C  [libc.so.6+0x79a9c]  malloc_trim+0xe9c
#
# Failed to write core dump. Core dumps have been disabled. To enable core dumping, try "ulimit -c unlimited" before starting Java again
#
# If you would like to submit a bug report, please visit:
#   http://bugreport.sun.com/bugreport/crash.jsp
# The crash happened outside the Java Virtual Machine in native code.
# See problematic frame for where to report the bug.
#

---------------  T H R E A D  ---------------

Current thread (0x00007f3f4426f000):  JavaThread "LWJGL Application" [_thread_in_native, id=16003, stack(0x00007f3f3322a000,0x00007f3f3332b000)]

siginfo:si_signo=SIGSEGV: si_errno=0, si_code=128 (), si_addr=0x0000000000000000

Registers:
RAX=0x00007f3f440007f8, RBX=0x00007f3f44000078, RCX=0x00000000000102c0, RDX=0x00ffffff43c80000
RSP=0x00007f3f33328d60, RBP=0x00007f3f44000020, RSI=0x00000000000102b8, RDI=0x00007f3f44000020
R8 =0x0000000000000400, R9 =0x00007f3f44000070, R10=0x00007f3f44000070, R11=0x00007f3f4e4153f0
R12=0x00007f3f44372af0, R13=0x00007f3f44000078, R14=0x000000000000000a, R15=0x0000000000000008
RIP=0x00007f3f4e339a9c, EFLAGS=0x0000000000010297, CSGSFS=0x0000000000000033, ERR=0x0000000000000000
  TRAPNO=0x000000000000000d

Top of Stack: (sp=0x00007f3f33328d60)
0x00007f3f33328d60:   00007f3f33328e00 00007f3f4db93053
0x00007f3f33328d70:   00000000000102c0 00007f3f00000000
0x00007f3f33328d80:   00007f3f44000088 0000000001e88cd0
0x00007f3f33328d90:   00000000000102b8 000000797ef4da98
0x00007f3f33328da0:   00000000000102e0 0000102c7ef53338
0x00007f3f33328db0:   00007f3f440fe880 0000000001efdb70
0x00007f3f33328dc0:   000000000022e020 00007f3f443d6fe0
0x00007f3f33328dd0:   00000000000102b8 00007f3f44000020
0x00007f3f33328de0:   00007f3f4e645e60 00007f3f4e33b172
0x00007f3f33328df0:   0000000001e88ca8 0000000001efdb70
0x00007f3f33328e00:   0000000000000000 0000000000000000
0x00007f3f33328e10:   0000000001f09f28 0000000000000008
0x00007f3f33328e20:   0000000000000000 00007f3f3217589f
0x00007f3f33328e30:   0000000000000000 0000000000000007
0x00007f3f33328e40:   0000000001efdb70 00007f3f3237eea5
0x00007f3f33328e50:   00007f3f481e88e0 00007f3f322bc73c
0x00007f3f33328e60:   0000000000000007 0000000001efdb70
0x00007f3f33328e70:   0000000000000000 0000000001f09f28
0x00007f3f33328e80:   00007f3f33329190 00007f3f00000000
0x00007f3f33328e90:   0000000001e052e0 0000000001e056b8
0x00007f3f33328ea0:   00000000000003d8 0000000001e056b8
0x00007f3f33328eb0:   00000000000003d8 00007f3f33328f18
0x00007f3f33328ec0:   00007f3f333291d0 0000000000000000
0x00007f3f33328ed0:   000000077ef51d78 0000000000000000
0x00007f3f33328ee0:   00007f3f33328ef8 00007f3f33328f60
0x00007f3f33328ef0:   00007f3f4914b058 000000073c12cf38
0x00007f3f33328f00:   000000073f800000 000000073f800000
0x00007f3f33328f10:   000000073f800000 00000007d7706b08
0x00007f3f33328f20:   00007f3f33328f20 000000077f0059e5
0x00007f3f33328f30:   00007f3f33328f88 000000077f005ec0
0x00007f3f33328f40:   0000000001e88cd8 000000077f005a38
0x00007f3f33328f50:   0000000001e88cd8 00007f3f33328f70 

Instructions: (pc=0x00007f3f4e339a9c)
0x00007f3f4e339a7c:   48 8b 50 10 48 39 c2 0f 84 46 fe ff ff 48 8b 4c
0x00007f3f4e339a8c:   24 10 48 3b 4a 08 0f 87 37 fe ff ff 48 8b 52 28
0x00007f3f4e339a9c:   48 8b 4a 08 49 89 cd 49 83 e5 f8 4c 39 6c 24 10
0x00007f3f4e339aac:   77 ea 4c 8b 40 18 49 39 d0 0f 84 f5 0a 00 00 4c 

Register to memory mapping:

RAX=0x00007f3f440007f8 is an unknown value
RBX=0x00007f3f44000078 is an unknown value
RCX=0x00000000000102c0 is an unknown value
RDX=0x00ffffff43c80000 is an unknown value
RSP=0x00007f3f33328d60 is pointing into the stack for thread: 0x00007f3f4426f000
RBP=0x00007f3f44000020 is an unknown value
RSI=0x00000000000102b8 is an unknown value
RDI=0x00007f3f44000020 is an unknown value
R8 =0x0000000000000400 is an unknown value
R9 =0x00007f3f44000070 is an unknown value
R10=0x00007f3f44000070 is an unknown value
R11=0x00007f3f4e4153f0: <offset 0x1553f0> in /lib/x86_64-linux-gnu/libc.so.6 at 0x00007f3f4e2c0000
R12=0x00007f3f44372af0 is an unknown value
R13=0x00007f3f44000078 is an unknown value
R14=0x000000000000000a is an unknown value
R15=0x0000000000000008 is an unknown value


Stack: [0x00007f3f3322a000,0x00007f3f3332b000],  sp=0x00007f3f33328d60,  free space=1019k
Native frames: (J=compiled Java code, j=interpreted, Vv=VM code, C=native code)
C  [libc.so.6+0x79a9c]  malloc_trim+0xe9c

Java frames: (J=compiled Java code, j=interpreted, Vv=VM code)
j  org.lwjgl.opengl.GL11.nglDrawElements(IIIJJ)V+0
j  org.lwjgl.opengl.GL11.glDrawElements(ILjava/nio/ShortBuffer;)V+34
j  com.badlogic.gdx.backends.lwjgl.LwjglGL20.glDrawElements(IIILjava/nio/Buffer;)V+21
j  com.badlogic.gdx.graphics.Mesh.render(Lcom/badlogic/gdx/graphics/glutils/ShaderProgram;IIIZ)V+109
j  com.badlogic.gdx.graphics.Mesh.render(Lcom/badlogic/gdx/graphics/glutils/ShaderProgram;III)V+10
j  com.badlogic.gdx.graphics.g2d.SpriteBatch.flush()V+187
j  com.badlogic.gdx.graphics.g2d.SpriteBatch.end()V+25
j  screens.Splash.render(F)V+53
j  com.badlogic.gdx.Game.render()V+19
j  com.koin.taupe.TaupeGame.render()V+1
j  com.badlogic.gdx.backends.lwjgl.LwjglApplication.mainLoop()V+642
j  com.badlogic.gdx.backends.lwjgl.LwjglApplication$1.run()V+27
v  ~StubRoutines::call_stub

---------------  P R O C E S S  ---------------

Java Threads: ( => current thread )
  0x000000000200a000 JavaThread "process reaper" daemon [_thread_blocked, id=16005, stack(0x00007f3f331f1000,0x00007f3f3322a000)]
  0x00007f3f4428f000 JavaThread "DestroyJavaVM" [_thread_blocked, id=15981, stack(0x00007f3f4ed81000,0x00007f3f4ee82000)]
=>0x00007f3f4426f000 JavaThread "LWJGL Application" [_thread_in_native, id=16003, stack(0x00007f3f3322a000,0x00007f3f3332b000)]
  0x00007f3f44198000 JavaThread "AWT-XAWT" daemon [_thread_in_native, id=15999, stack(0x00007f3f3b00c000,0x00007f3f3b10d000)]
  0x00007f3f44176800 JavaThread "Java2D Disposer" daemon [_thread_blocked, id=15998, stack(0x00007f3f3b51d000,0x00007f3f3b61e000)]
  0x00007f3f44071800 JavaThread "Service Thread" daemon [_thread_blocked, id=15996, stack(0x00007f3f3d5b6000,0x00007f3f3d6b7000)]
  0x00007f3f4406f000 JavaThread "C2 CompilerThread1" daemon [_thread_blocked, id=15995, stack(0x00007f3f3d6b7000,0x00007f3f3d7b8000)]
  0x00007f3f4406c000 JavaThread "C2 CompilerThread0" daemon [_thread_blocked, id=15994, stack(0x00007f3f3d7b8000,0x00007f3f3d8b9000)]
  0x00007f3f44061800 JavaThread "Signal Dispatcher" daemon [_thread_blocked, id=15993, stack(0x00007f3f3d8b9000,0x00007f3f3d9ba000)]
  0x00007f3f4404a800 JavaThread "Finalizer" daemon [_thread_blocked, id=15992, stack(0x00007f3f3db31000,0x00007f3f3dc32000)]
  0x00007f3f44046800 JavaThread "Reference Handler" daemon [_thread_blocked, id=15991, stack(0x00007f3f3dc32000,0x00007f3f3dd33000)]

Other Threads:
  0x00007f3f44044800 VMThread [stack: 0x00007f3f3dd33000,0x00007f3f3de34000] [id=15990]
  0x00007f3f4407c800 WatcherThread [stack: 0x00007f3f3d4b5000,0x00007f3f3d5b6000] [id=15997]

VM state:not at safepoint (normal execution)

VM Mutex/Monitor currently owned by a thread: None

Heap
 PSYoungGen      total 37376K, used 15161K [0x00000007d6880000, 0x00000007d9200000, 0x0000000800000000)
  eden space 32256K, 47% used [0x00000007d6880000,0x00000007d774e558,0x00000007d8800000)
  from space 5120K, 0% used [0x00000007d8d00000,0x00000007d8d00000,0x00000007d9200000)
  to   space 5120K, 0% used [0x00000007d8800000,0x00000007d8800000,0x00000007d8d00000)
 ParOldGen       total 84480K, used 0K [0x0000000783a00000, 0x0000000788c80000, 0x00000007d6880000)
  object space 84480K, 0% used [0x0000000783a00000,0x0000000783a00000,0x0000000788c80000)
 PSPermGen       total 21504K, used 8239K [0x000000077e800000, 0x000000077fd00000, 0x0000000783a00000)
  object space 21504K, 38% used [0x000000077e800000,0x000000077f00bf70,0x000000077fd00000)

Card table byte_map: [0x00007f3f48d38000,0x00007f3f49145000] byte_map_base: 0x00007f3f45144000

Polling page: 0x00007f3f4ee9d000

Code Cache  [0x00007f3f49145000, 0x00007f3f493b5000, 0x00007f3f4c145000)
 total_blobs=518 nmethods=37 adapters=435 free_code_cache=48549Kb largest_free_block=49691008

Compilation events (10 events):
Event: 3,233 Thread 0x00007f3f4406c000 nmethod 33 0x00007f3f491d5450 code [0x00007f3f491d55a0, 0x00007f3f491d5728]
Event: 3,233 Thread 0x00007f3f4406c000   34             java.util.StringTokenizer::scanToken (179 bytes)
Event: 3,242 Thread 0x00007f3f4406c000 nmethod 34 0x00007f3f491dbf10 code [0x00007f3f491dc0e0, 0x00007f3f491dc570]
Event: 3,242 Thread 0x00007f3f4406c000   35             java.util.Arrays::copyOfRange (63 bytes)
Event: 3,244 Thread 0x00007f3f4406c000 nmethod 35 0x00007f3f491d7210 code [0x00007f3f491d7360, 0x00007f3f491d7558]
Event: 3,244 Thread 0x00007f3f4406c000   36             java.lang.String::<init> (67 bytes)
Event: 3,245 Thread 0x00007f3f4406f000 nmethod 31 0x00007f3f491df610 code [0x00007f3f491df800, 0x00007f3f491e0ce0]
Event: 3,246 Thread 0x00007f3f4406c000 nmethod 36 0x00007f3f491d6c90 code [0x00007f3f491d6de0, 0x00007f3f491d7078]
Event: 3,246 Thread 0x00007f3f4406f000   37             java.lang.String::startsWith (7 bytes)
Event: 3,249 Thread 0x00007f3f4406f000 nmethod 37 0x00007f3f491d8750 code [0x00007f3f491d88a0, 0x00007f3f491d8a78]

GC Heap History (0 events):
No events

Deoptimization events (0 events):
No events

Internal exceptions (10 events):
Event: 3,265 Thread 0x00007f3f4426f000 Threw 0x00000007d76e7cc0 at /HUDSON/workspace/jdk7u40-2-build-linux-amd64-product/jdk7u40/hotspot/src/share/vm/prims/jvm.cpp:1244
Event: 3,266 Thread 0x00007f3f4426f000 Threw 0x00000007d76fb720 at /HUDSON/workspace/jdk7u40-2-build-linux-amd64-product/jdk7u40/hotspot/src/share/vm/prims/jvm.cpp:1244
Event: 3,267 Thread 0x00007f3f4426f000 Threw 0x00000007d77008f0 at /HUDSON/workspace/jdk7u40-2-build-linux-amd64-product/jdk7u40/hotspot/src/share/vm/prims/jvm.cpp:1244
Event: 3,267 Thread 0x00007f3f4426f000 Threw 0x00000007d77041e8 at /HUDSON/workspace/jdk7u40-2-build-linux-amd64-product/jdk7u40/hotspot/src/share/vm/prims/jvm.cpp:1244
Event: 3,277 Thread 0x00007f3f4426f000 Threw 0x00000007d771aba0 at /HUDSON/workspace/jdk7u40-2-build-linux-amd64-product/jdk7u40/hotspot/src/share/vm/prims/jvm.cpp:1244
Event: 3,277 Thread 0x00007f3f4426f000 Threw 0x00000007d771e0b8 at /HUDSON/workspace/jdk7u40-2-build-linux-amd64-product/jdk7u40/hotspot/src/share/vm/prims/jvm.cpp:1244
Event: 3,278 Thread 0x00007f3f4426f000 Threw 0x00000007d7728a40 at /HUDSON/workspace/jdk7u40-2-build-linux-amd64-product/jdk7u40/hotspot/src/share/vm/prims/jvm.cpp:1244
Event: 3,278 Thread 0x00007f3f4426f000 Threw 0x00000007d772d5c0 at /HUDSON/workspace/jdk7u40-2-build-linux-amd64-product/jdk7u40/hotspot/src/share/vm/prims/jvm.cpp:1244
Event: 3,279 Thread 0x00007f3f4426f000 Threw 0x00000007d7732260 at /HUDSON/workspace/jdk7u40-2-build-linux-amd64-product/jdk7u40/hotspot/src/share/vm/prims/jvm.cpp:1244
Event: 3,279 Thread 0x00007f3f4426f000 Threw 0x00000007d7737f58 at /HUDSON/workspace/jdk7u40-2-build-linux-amd64-product/jdk7u40/hotspot/src/share/vm/prims/jvm.cpp:1244

Events (10 events):
Event: 3,278 loading class 0x00007f3f4432a750
Event: 3,278 loading class 0x00007f3f4432a750 done
Event: 3,278 loading class 0x00007f3f4432a680
Event: 3,278 loading class 0x00007f3f4432a680 done
Event: 3,279 loading class 0x00007f3f44338580
Event: 3,279 loading class 0x00007f3f44338580 done
Event: 3,279 loading class 0x00007f3f443384b0
Event: 3,279 loading class 0x00007f3f443384b0 done
Event: 3,280 loading class 0x00007f3f481c4530
Event: 3,280 loading class 0x00007f3f481c4530 done


Dynamic libraries:
00400000-00401000 r-xp 00000000 08:01 200639                             /opt/jdk1.7.0_40/bin/java
00600000-00601000 rw-p 00000000 08:01 200639                             /opt/jdk1.7.0_40/bin/java
01d82000-02856000 rw-p 00000000 00:00 0                                  [heap]
77e800000-77fd00000 rw-p 00000000 00:00 0 
77fd00000-783a00000 rw-p 00000000 00:00 0 
783a00000-788c80000 rw-p 00000000 00:00 0 
788c80000-7d6880000 rw-p 00000000 00:00 0 
7d6880000-7d9200000 rw-p 00000000 00:00 0 
7d9200000-800000000 rw-p 00000000 00:00 0 
7f3f30424000-7f3f305a4000 rw-s 1220a6000 00:05 1265                      /dev/dri/card0
7f3f305a4000-7f3f30724000 rw-s 121f26000 00:05 1265                      /dev/dri/card0
7f3f30724000-7f3f30924000 rw-s 121d26000 00:05 1265                      /dev/dri/card0
7f3f30924000-7f3f30aa4000 rw-s 1254b3000 00:05 1265                      /dev/dri/card0
7f3f30ae6000-7f3f30c66000 rw-s 125633000 00:05 1265                      /dev/dri/card0
7f3f30c66000-7f3f30d1a000 rw-p 00000000 00:00 0 
7f3f30d1b000-7f3f30d1c000 rwxp 00000000 00:00 0 
7f3f30d1c000-7f3f317a0000 rw-p 00000000 00:00 0 
7f3f317a0000-7f3f31814000 rw-p 00000000 00:00 0 
7f3f31883000-7f3f318ab000 rw-s 1252e7000 00:05 1265                      /dev/dri/card0
7f3f318ab000-7f3f318c1000 r-xp 00000000 08:01 13419                      /lib/x86_64-linux-gnu/libz.so.1.2.7
7f3f318c1000-7f3f31ac0000 ---p 00016000 08:01 13419                      /lib/x86_64-linux-gnu/libz.so.1.2.7
7f3f31ac0000-7f3f31ac1000 r--p 00015000 08:01 13419                      /lib/x86_64-linux-gnu/libz.so.1.2.7
7f3f31ac1000-7f3f31ac2000 rw-p 00016000 08:01 13419                      /lib/x86_64-linux-gnu/libz.so.1.2.7
7f3f31ac2000-7f3f31aca000 r-xp 00000000 08:01 31580                      /usr/lib/x86_64-linux-gnu/libpciaccess.so.0.11.1
7f3f31aca000-7f3f31cc9000 ---p 00008000 08:01 31580                      /usr/lib/x86_64-linux-gnu/libpciaccess.so.0.11.1
7f3f31cc9000-7f3f31cca000 r--p 00007000 08:01 31580                      /usr/lib/x86_64-linux-gnu/libpciaccess.so.0.11.1
7f3f31cca000-7f3f31ccb000 rw-p 00008000 08:01 31580                      /usr/lib/x86_64-linux-gnu/libpciaccess.so.0.11.1
7f3f31ccb000-7f3f31cea000 r-xp 00000000 08:01 31582                      /usr/lib/x86_64-linux-gnu/libdrm_intel.so.1.0.0
7f3f31cea000-7f3f31ee9000 ---p 0001f000 08:01 31582                      /usr/lib/x86_64-linux-gnu/libdrm_intel.so.1.0.0
7f3f31ee9000-7f3f31eea000 r--p 0001e000 08:01 31582                      /usr/lib/x86_64-linux-gnu/libdrm_intel.so.1.0.0
7f3f31eea000-7f3f31eeb000 rw-p 0001f000 08:01 31582                      /usr/lib/x86_64-linux-gnu/libdrm_intel.so.1.0.0
7f3f31eeb000-7f3f31f12000 r-xp 00000000 08:01 13798                      /lib/x86_64-linux-gnu/libexpat.so.1.6.0
7f3f31f12000-7f3f32112000 ---p 00027000 08:01 13798                      /lib/x86_64-linux-gnu/libexpat.so.1.6.0
7f3f32112000-7f3f32114000 r--p 00027000 08:01 13798                      /lib/x86_64-linux-gnu/libexpat.so.1.6.0
7f3f32114000-7f3f32115000 rw-p 00029000 08:01 13798                      /lib/x86_64-linux-gnu/libexpat.so.1.6.0
7f3f32115000-7f3f324fc000 r-xp 00000000 08:01 90896                      /usr/lib/x86_64-linux-gnu/dri/i965_dri.so
7f3f324fc000-7f3f326fb000 ---p 003e7000 08:01 90896                      /usr/lib/x86_64-linux-gnu/dri/i965_dri.so
7f3f326fb000-7f3f32716000 rw-p 003e6000 08:01 90896                      /usr/lib/x86_64-linux-gnu/dri/i965_dri.so
7f3f32716000-7f3f3272e000 rw-p 00000000 00:00 0 
7f3f3272e000-7f3f32739000 r-xp 00000000 08:01 25501                      /usr/lib/x86_64-linux-gnu/libdrm.so.2.4.0
7f3f32739000-7f3f32938000 ---p 0000b000 08:01 25501                      /usr/lib/x86_64-linux-gnu/libdrm.so.2.4.0
7f3f32938000-7f3f32939000 r--p 0000a000 08:01 25501                      /usr/lib/x86_64-linux-gnu/libdrm.so.2.4.0
7f3f32939000-7f3f3293a000 rw-p 0000b000 08:01 25501                      /usr/lib/x86_64-linux-gnu/libdrm.so.2.4.0
7f3f3293a000-7f3f32950000 r-xp 00000000 08:01 25515                      /usr/lib/x86_64-linux-gnu/libxcb-glx.so.0.0.0
7f3f32950000-7f3f32b4f000 ---p 00016000 08:01 25515                      /usr/lib/x86_64-linux-gnu/libxcb-glx.so.0.0.0
7f3f32b4f000-7f3f32b51000 r--p 00015000 08:01 25515                      /usr/lib/x86_64-linux-gnu/libxcb-glx.so.0.0.0
7f3f32b51000-7f3f32b52000 rw-p 00017000 08:01 25515                      /usr/lib/x86_64-linux-gnu/libxcb-glx.so.0.0.0
7f3f32b52000-7f3f32b54000 r-xp 00000000 08:01 25493                      /usr/lib/x86_64-linux-gnu/libXdamage.so.1.1.0
7f3f32b54000-7f3f32d53000 ---p 00002000 08:01 25493                      /usr/lib/x86_64-linux-gnu/libXdamage.so.1.1.0
7f3f32d53000-7f3f32d54000 rw-p 00001000 08:01 25493                      /usr/lib/x86_64-linux-gnu/libXdamage.so.1.1.0
7f3f32d54000-7f3f32d75000 r-xp 00000000 08:01 25507                      /usr/lib/x86_64-linux-gnu/libglapi.so.0.0.0
7f3f32d75000-7f3f32f74000 ---p 00021000 08:01 25507                      /usr/lib/x86_64-linux-gnu/libglapi.so.0.0.0
7f3f32f74000-7f3f32f77000 rw-p 00020000 08:01 25507                      /usr/lib/x86_64-linux-gnu/libglapi.so.0.0.0
7f3f32f77000-7f3f32f79000 rw-p 00000000 00:00 0 
7f3f32f79000-7f3f32fd6000 r-xp 00000000 08:01 25525                      /usr/lib/x86_64-linux-gnu/libGL.so.1.2
7f3f32fd6000-7f3f331d5000 ---p 0005d000 08:01 25525                      /usr/lib/x86_64-linux-gnu/libGL.so.1.2
7f3f331d5000-7f3f331d9000 rw-p 0005c000 08:01 25525                      /usr/lib/x86_64-linux-gnu/libGL.so.1.2
7f3f331f1000-7f3f331f4000 ---p 00000000 00:00 0 
7f3f331f4000-7f3f3322a000 rw-p 00000000 00:00 0 
7f3f3322a000-7f3f3322d000 ---p 00000000 00:00 0 
7f3f3322d000-7f3f3332b000 rw-p 00000000 00:00 0 
7f3f3332b000-7f3f3332c000 ---p 00000000 00:00 0 
7f3f3332c000-7f3f3342c000 rw-p 00000000 00:00 0 
7f3f3342c000-7f3f3742d000 rw-s 00000000 00:11 139417                     /run/shm/pulse-shm-3022497140
7f3f3742d000-7f3f3742e000 ---p 00000000 00:00 0 
7f3f3742e000-7f3f37c2e000 rw-p 00000000 00:00 0 
7f3f37c2e000-7f3f37c41000 r-xp 00000000 08:01 13350                      /lib/x86_64-linux-gnu/libresolv-2.13.so
7f3f37c41000-7f3f37e40000 ---p 00013000 08:01 13350                      /lib/x86_64-linux-gnu/libresolv-2.13.so
7f3f37e40000-7f3f37e41000 r--p 00012000 08:01 13350                      /lib/x86_64-linux-gnu/libresolv-2.13.so
7f3f37e41000-7f3f37e42000 rw-p 00013000 08:01 13350                      /lib/x86_64-linux-gnu/libresolv-2.13.so
7f3f37e42000-7f3f37e44000 rw-p 00000000 00:00 0 
7f3f37e44000-7f3f37e4a000 r-xp 00000000 08:01 27269                      /usr/lib/x86_64-linux-gnu/libogg.so.0.8.0
7f3f37e4a000-7f3f38049000 ---p 00006000 08:01 27269                      /usr/lib/x86_64-linux-gnu/libogg.so.0.8.0
7f3f38049000-7f3f3804a000 rw-p 00005000 08:01 27269                      /usr/lib/x86_64-linux-gnu/libogg.so.0.8.0
7f3f3804a000-7f3f38076000 r-xp 00000000 08:01 27277                      /usr/lib/x86_64-linux-gnu/libvorbis.so.0.4.5
7f3f38076000-7f3f38275000 ---p 0002c000 08:01 27277                      /usr/lib/x86_64-linux-gnu/libvorbis.so.0.4.5
7f3f38275000-7f3f38276000 r--p 0002b000 08:01 27277                      /usr/lib/x86_64-linux-gnu/libvorbis.so.0.4.5
7f3f38276000-7f3f38277000 rw-p 0002c000 08:01 27277                      /usr/lib/x86_64-linux-gnu/libvorbis.so.0.4.5
7f3f38277000-7f3f3852a000 r-xp 00000000 08:01 29334                      /usr/lib/x86_64-linux-gnu/libvorbisenc.so.2.0.8
7f3f3852a000-7f3f38729000 ---p 002b3000 08:01 29334                      /usr/lib/x86_64-linux-gnu/libvorbisenc.so.2.0.8
7f3f38729000-7f3f38745000 r--p 002b2000 08:01 29334                      /usr/lib/x86_64-linux-gnu/libvorbisenc.so.2.0.8
7f3f38745000-7f3f38746000 rw-p 002ce000 08:01 29334                      /usr/lib/x86_64-linux-gnu/libvorbisenc.so.2.0.8
7f3f38746000-7f3f38791000 r-xp 00000000 08:01 29332                      /usr/lib/x86_64-linux-gnu/libFLAC.so.8.2.0
7f3f38791000-7f3f38990000 ---p 0004b000 08:01 29332                      /usr/lib/x86_64-linux-gnu/libFLAC.so.8.2.0
7f3f38990000-7f3f38991000 r--p 0004a000 08:01 29332                      /usr/lib/x86_64-linux-gnu/libFLAC.so.8.2.0
7f3f38991000-7f3f38992000 rw-p 0004b000 08:01 29332                      /usr/lib/x86_64-linux-gnu/libFLAC.so.8.2.0
7f3f38992000-7f3f38996000 r-xp 00000000 08:01 13402                      /lib/x86_64-linux-gnu/libuuid.so.1.3.0
7f3f38996000-7f3f38b95000 ---p 00004000 08:01 13402                      /lib/x86_64-linux-gnu/libuuid.so.1.3.0
7f3f38b95000-7f3f38b96000 r--p 00003000 08:01 13402                      /lib/x86_64-linux-gnu/libuuid.so.1.3.0
7f3f38b96000-7f3f38b97000 rw-p 00004000 08:01 13402                      /lib/x86_64-linux-gnu/libuuid.so.1.3.0
7f3f38b97000-7f3f38b9b000 r-xp 00000000 08:01 13376                      /lib/x86_64-linux-gnu/libattr.so.1.1.0
7f3f38b9b000-7f3f38d9a000 ---p 00004000 08:01 13376                      /lib/x86_64-linux-gnu/libattr.so.1.1.0
7f3f38d9a000-7f3f38d9b000 r--p 00003000 08:01 13376                      /lib/x86_64-linux-gnu/libattr.so.1.1.0
7f3f38d9b000-7f3f38d9c000 rw-p 00004000 08:01 13376                      /lib/x86_64-linux-gnu/libattr.so.1.1.0
7f3f38d9c000-7f3f38da1000 r-xp 00000000 08:01 29330                      /usr/lib/x86_64-linux-gnu/libasyncns.so.0.3.1
7f3f38da1000-7f3f38fa0000 ---p 00005000 08:01 29330                      /usr/lib/x86_64-linux-gnu/libasyncns.so.0.3.1
7f3f38fa0000-7f3f38fa1000 rw-p 00004000 08:01 29330                      /usr/lib/x86_64-linux-gnu/libasyncns.so.0.3.1
7f3f38fa1000-7f3f39002000 r-xp 00000000 08:01 29336                      /usr/lib/x86_64-linux-gnu/libsndfile.so.1.0.25
7f3f39002000-7f3f39201000 ---p 00061000 08:01 29336                      /usr/lib/x86_64-linux-gnu/libsndfile.so.1.0.25
7f3f39201000-7f3f39203000 r--p 00060000 08:01 29336                      /usr/lib/x86_64-linux-gnu/libsndfile.so.1.0.25
7f3f39203000-7f3f39204000 rw-p 00062000 08:01 29336                      /usr/lib/x86_64-linux-gnu/libsndfile.so.1.0.25
7f3f39204000-7f3f39208000 rw-p 00000000 00:00 0 
7f3f39208000-7f3f39211000 r-xp 00000000 08:01 13814                      /lib/x86_64-linux-gnu/libwrap.so.0.7.6
7f3f39211000-7f3f39410000 ---p 00009000 08:01 13814                      /lib/x86_64-linux-gnu/libwrap.so.0.7.6
7f3f39410000-7f3f39411000 r--p 00008000 08:01 13814                      /lib/x86_64-linux-gnu/libwrap.so.0.7.6
7f3f39411000-7f3f39412000 rw-p 00009000 08:01 13814                      /lib/x86_64-linux-gnu/libwrap.so.0.7.6
7f3f39412000-7f3f39413000 rw-p 00000000 00:00 0 
7f3f39413000-7f3f3941a000 r-xp 00000000 08:01 27904                      /usr/lib/x86_64-linux-gnu/libSM.so.6.0.1
7f3f3941a000-7f3f39619000 ---p 00007000 08:01 27904                      /usr/lib/x86_64-linux-gnu/libSM.so.6.0.1
7f3f39619000-7f3f3961a000 rw-p 00006000 08:01 27904                      /usr/lib/x86_64-linux-gnu/libSM.so.6.0.1
7f3f3961a000-7f3f39631000 r-xp 00000000 08:01 27902                      /usr/lib/x86_64-linux-gnu/libICE.so.6.3.0
7f3f39631000-7f3f39830000 ---p 00017000 08:01 27902                      /usr/lib/x86_64-linux-gnu/libICE.so.6.3.0
7f3f39830000-7f3f39832000 rw-p 00016000 08:01 27902                      /usr/lib/x86_64-linux-gnu/libICE.so.6.3.0
7f3f39832000-7f3f39835000 rw-p 00000000 00:00 0 
7f3f39835000-7f3f39836000 r-xp 00000000 08:01 25511                      /usr/lib/x86_64-linux-gnu/libX11-xcb.so.1.0.0
7f3f39836000-7f3f39a35000 ---p 00001000 08:01 25511                      /usr/lib/x86_64-linux-gnu/libX11-xcb.so.1.0.0
7f3f39a35000-7f3f39a36000 rw-p 00000000 08:01 25511                      /usr/lib/x86_64-linux-gnu/libX11-xcb.so.1.0.0
7f3f39a36000-7f3f39a3a000 r-xp 00000000 08:01 13800                      /lib/x86_64-linux-gnu/libcap.so.2.22
7f3f39a3a000-7f3f39c39000 ---p 00004000 08:01 13800                      /lib/x86_64-linux-gnu/libcap.so.2.22
7f3f39c39000-7f3f39c3a000 rw-p 00003000 08:01 13800                      /lib/x86_64-linux-gnu/libcap.so.2.22
7f3f39c3a000-7f3f39c7e000 r-xp 00000000 08:01 13818                      /lib/x86_64-linux-gnu/libdbus-1.so.3.7.2
7f3f39c7e000-7f3f39e7e000 ---p 00044000 08:01 13818                      /lib/x86_64-linux-gnu/libdbus-1.so.3.7.2
7f3f39e7e000-7f3f39e7f000 r--p 00044000 08:01 13818                      /lib/x86_64-linux-gnu/libdbus-1.so.3.7.2
7f3f39e7f000-7f3f39e80000 rw-p 00045000 08:01 13818                      /lib/x86_64-linux-gnu/libdbus-1.so.3.7.2
7f3f39e80000-7f3f39ee1000 r-xp 00000000 08:01 80451                      /usr/lib/x86_64-linux-gnu/pulseaudio/libpulsecommon-2.0.so
7f3f39ee1000-7f3f3a0e0000 ---p 00061000 08:01 80451                      /usr/lib/x86_64-linux-gnu/pulseaudio/libpulsecommon-2.0.so
7f3f3a0e0000-7f3f3a0e1000 r--p 00060000 08:01 80451                      /usr/lib/x86_64-linux-gnu/pulseaudio/libpulsecommon-2.0.so
7f3f3a0e1000-7f3f3a0e3000 rw-p 00061000 08:01 80451                      /usr/lib/x86_64-linux-gnu/pulseaudio/libpulsecommon-2.0.so
7f3f3a0e3000-7f3f3a0ec000 r-xp 00000000 08:01 13860                      /lib/x86_64-linux-gnu/libjson.so.0.1.0
7f3f3a0ec000-7f3f3a2eb000 ---p 00009000 08:01 13860                      /lib/x86_64-linux-gnu/libjson.so.0.1.0
7f3f3a2eb000-7f3f3a2ec000 r--p 00008000 08:01 13860                      /lib/x86_64-linux-gnu/libjson.so.0.1.0
7f3f3a2ec000-7f3f3a2ed000 rw-p 00009000 08:01 13860                      /lib/x86_64-linux-gnu/libjson.so.0.1.0
7f3f3a2ed000-7f3f3a336000 r-xp 00000000 08:01 29338                      /usr/lib/x86_64-linux-gnu/libpulse.so.0.14.2
7f3f3a336000-7f3f3a535000 ---p 00049000 08:01 29338                      /usr/lib/x86_64-linux-gnu/libpulse.so.0.14.2
7f3f3a535000-7f3f3a536000 r--p 00048000 08:01 29338                      /usr/lib/x86_64-linux-gnu/libpulse.so.0.14.2
7f3f3a536000-7f3f3a537000 rw-p 00049000 08:01 29338                      /usr/lib/x86_64-linux-gnu/libpulse.so.0.14.2
7f3f3a537000-7f3f3a58c000 r-xp 00000000 08:01 3408031                    /tmp/libgdxhugo/d13da6b9/libopenal64.so
7f3f3a58c000-7f3f3a78b000 ---p 00055000 08:01 3408031                    /tmp/libgdxhugo/d13da6b9/libopenal64.so
7f3f3a78b000-7f3f3a78e000 r--p 00054000 08:01 3408031                    /tmp/libgdxhugo/d13da6b9/libopenal64.so
7f3f3a78e000-7f3f3a78f000 rw-p 00057000 08:01 3408031                    /tmp/libgdxhugo/d13da6b9/libopenal64.so
7f3f3a78f000-7f3f3a790000 rw-p 00000000 00:00 0 
7f3f3a790000-7f3f3a794000 r-xp 00000000 08:01 25519                      /usr/lib/x86_64-linux-gnu/libXxf86vm.so.1.0.0
7f3f3a794000-7f3f3a994000 ---p 00004000 08:01 25519                      /usr/lib/x86_64-linux-gnu/libXxf86vm.so.1.0.0
7f3f3a994000-7f3f3a995000 r--p 00004000 08:01 25519                      /usr/lib/x86_64-linux-gnu/libXxf86vm.so.1.0.0
7f3f3a995000-7f3f3a996000 rw-p 00005000 08:01 25519                      /usr/lib/x86_64-linux-gnu/libXxf86vm.so.1.0.0
7f3f3a996000-7f3f3a99d000 r-xp 00000000 08:01 26471                      /usr/lib/x86_64-linux-gnu/libXrandr.so.2.2.0
7f3f3a99d000-7f3f3ab9d000 ---p 00007000 08:01 26471                      /usr/lib/x86_64-linux-gnu/libXrandr.so.2.2.0
7f3f3ab9d000-7f3f3ab9e000 rw-p 00007000 08:01 26471                      /usr/lib/x86_64-linux-gnu/libXrandr.so.2.2.0
7f3f3ab9e000-7f3f3ac08000 r-xp 00000000 08:01 3408030                    /tmp/libgdxhugo/d13da6b9/liblwjgl64.so
7f3f3ac08000-7f3f3ae08000 ---p 0006a000 08:01 3408030                    /tmp/libgdxhugo/d13da6b9/liblwjgl64.so
7f3f3ae08000-7f3f3ae0a000 r--p 0006a000 08:01 3408030                    /tmp/libgdxhugo/d13da6b9/liblwjgl64.so
7f3f3ae0a000-7f3f3ae0b000 rw-p 0006c000 08:01 3408030                    /tmp/libgdxhugo/d13da6b9/liblwjgl64.so
7f3f3ae0b000-7f3f3ae0c000 r-xp 00000000 08:01 201320                     /opt/jdk1.7.0_40/jre/lib/amd64/libjawt.so
7f3f3ae0c000-7f3f3b00b000 ---p 00001000 08:01 201320                     /opt/jdk1.7.0_40/jre/lib/amd64/libjawt.so
7f3f3b00b000-7f3f3b00c000 rw-p 00000000 08:01 201320                     /opt/jdk1.7.0_40/jre/lib/amd64/libjawt.so
7f3f3b00c000-7f3f3b00f000 ---p 00000000 00:00 0 
7f3f3b00f000-7f3f3b10d000 rw-p 00000000 00:00 0 
7f3f3b10d000-7f3f3b112000 r-xp 00000000 08:01 25489                      /usr/lib/x86_64-linux-gnu/libXfixes.so.3.1.0
7f3f3b112000-7f3f3b311000 ---p 00005000 08:01 25489                      /usr/lib/x86_64-linux-gnu/libXfixes.so.3.1.0
7f3f3b311000-7f3f3b312000 r--p 00004000 08:01 25489                      /usr/lib/x86_64-linux-gnu/libXfixes.so.3.1.0
7f3f3b312000-7f3f3b313000 rw-p 00005000 08:01 25489                      /usr/lib/x86_64-linux-gnu/libXfixes.so.3.1.0
7f3f3b313000-7f3f3b31d000 r-xp 00000000 08:01 26459                      /usr/lib/x86_64-linux-gnu/libXcursor.so.1.0.2
7f3f3b31d000-7f3f3b51c000 ---p 0000a000 08:01 26459                      /usr/lib/x86_64-linux-gnu/libXcursor.so.1.0.2
7f3f3b51c000-7f3f3b51d000 rw-p 00009000 08:01 26459                      /usr/lib/x86_64-linux-gnu/libXcursor.so.1.0.2
7f3f3b51d000-7f3f3b520000 ---p 00000000 00:00 0 
7f3f3b520000-7f3f3b61e000 rw-p 00000000 00:00 0 
7f3f3b61e000-7f3f3b641000 r--p 00000000 08:01 25482                      /usr/share/locale/fr/LC_MESSAGES/libc.mo
7f3f3b641000-7f3f3b646000 r-xp 00000000 08:01 22586                      /usr/lib/x86_64-linux-gnu/libXdmcp.so.6.0.0
7f3f3b646000-7f3f3b845000 ---p 00005000 08:01 22586                      /usr/lib/x86_64-linux-gnu/libXdmcp.so.6.0.0
7f3f3b845000-7f3f3b846000 rw-p 00004000 08:01 22586                      /usr/lib/x86_64-linux-gnu/libXdmcp.so.6.0.0
7f3f3b846000-7f3f3b848000 r-xp 00000000 08:01 22583                      /usr/lib/x86_64-linux-gnu/libXau.so.6.0.0
7f3f3b848000-7f3f3ba48000 ---p 00002000 08:01 22583                      /usr/lib/x86_64-linux-gnu/libXau.so.6.0.0
7f3f3ba48000-7f3f3ba49000 rw-p 00002000 08:01 22583                      /usr/lib/x86_64-linux-gnu/libXau.so.6.0.0
7f3f3ba49000-7f3f3ba68000 r-xp 00000000 08:01 22588                      /usr/lib/x86_64-linux-gnu/libxcb.so.1.1.0
7f3f3ba68000-7f3f3bc67000 ---p 0001f000 08:01 22588                      /usr/lib/x86_64-linux-gnu/libxcb.so.1.1.0
7f3f3bc67000-7f3f3bc68000 r--p 0001e000 08:01 22588                      /usr/lib/x86_64-linux-gnu/libxcb.so.1.1.0
7f3f3bc68000-7f3f3bc69000 rw-p 0001f000 08:01 22588                      /usr/lib/x86_64-linux-gnu/libxcb.so.1.1.0
7f3f3bc69000-7f3f3bc77000 r-xp 00000000 08:01 26463                      /usr/lib/x86_64-linux-gnu/libXi.so.6.1.0
7f3f3bc77000-7f3f3be77000 ---p 0000e000 08:01 26463                      /usr/lib/x86_64-linux-gnu/libXi.so.6.1.0
7f3f3be77000-7f3f3be78000 rw-p 0000e000 08:01 26463                      /usr/lib/x86_64-linux-gnu/libXi.so.6.1.0
7f3f3be78000-7f3f3be7d000 r-xp 00000000 08:01 29218                      /usr/lib/x86_64-linux-gnu/libXtst.so.6.1.0
7f3f3be7d000-7f3f3c07c000 ---p 00005000 08:01 29218                      /usr/lib/x86_64-linux-gnu/libXtst.so.6.1.0
7f3f3c07c000-7f3f3c07d000 rw-p 00004000 08:01 29218                      /usr/lib/x86_64-linux-gnu/libXtst.so.6.1.0
7f3f3c07d000-7f3f3c086000 r-xp 00000000 08:01 24386                      /usr/lib/x86_64-linux-gnu/libXrender.so.1.3.0
7f3f3c086000-7f3f3c285000 ---p 00009000 08:01 24386                      /usr/lib/x86_64-linux-gnu/libXrender.so.1.3.0
7f3f3c285000-7f3f3c286000 rw-p 00008000 08:01 24386                      /usr/lib/x86_64-linux-gnu/libXrender.so.1.3.0
7f3f3c286000-7f3f3c3bb000 r-xp 00000000 08:01 24218                      /usr/lib/x86_64-linux-gnu/libX11.so.6.3.0
7f3f3c3bb000-7f3f3c5bb000 ---p 00135000 08:01 24218                      /usr/lib/x86_64-linux-gnu/libX11.so.6.3.0
7f3f3c5bb000-7f3f3c5c1000 rw-p 00135000 08:01 24218                      /usr/lib/x86_64-linux-gnu/libX11.so.6.3.0
7f3f3c5c1000-7f3f3c5d2000 r-xp 00000000 08:01 25497                      /usr/lib/x86_64-linux-gnu/libXext.so.6.4.0
7f3f3c5d2000-7f3f3c7d2000 ---p 00011000 08:01 25497                      /usr/lib/x86_64-linux-gnu/libXext.so.6.4.0
7f3f3c7d2000-7f3f3c7d3000 rw-p 00011000 08:01 25497                      /usr/lib/x86_64-linux-gnu/libXext.so.6.4.0
7f3f3c7d3000-7f3f3c823000 r-xp 00000000 08:01 201325                     /opt/jdk1.7.0_40/jre/lib/amd64/xawt/libmawt.so
7f3f3c823000-7f3f3ca23000 ---p 00050000 08:01 201325                     /opt/jdk1.7.0_40/jre/lib/amd64/xawt/libmawt.so
7f3f3ca23000-7f3f3ca27000 rw-p 00050000 08:01 201325                     /opt/jdk1.7.0_40/jre/lib/amd64/xawt/libmawt.so
7f3f3ca27000-7f3f3ca28000 rw-p 00000000 00:00 0 
7f3f3ca28000-7f3f3cacb000 r-xp 00000000 08:01 201305                     /opt/jdk1.7.0_40/jre/lib/amd64/libawt.so
7f3f3cacb000-7f3f3cccb000 ---p 000a3000 08:01 201305                     /opt/jdk1.7.0_40/jre/lib/amd64/libawt.so
7f3f3cccb000-7f3f3ccd7000 rw-p 000a3000 08:01 201305                     /opt/jdk1.7.0_40/jre/lib/amd64/libawt.so
7f3f3ccd7000-7f3f3ccfb000 rw-p 00000000 00:00 0 
7f3f3ccfb000-7f3f3cd10000 r-xp 00000000 08:01 13333                      /lib/x86_64-linux-gnu/libgcc_s.so.1
7f3f3cd10000-7f3f3cf10000 ---p 00015000 08:01 13333                      /lib/x86_64-linux-gnu/libgcc_s.so.1
7f3f3cf10000-7f3f3cf11000 rw-p 00015000 08:01 13333                      /lib/x86_64-linux-gnu/libgcc_s.so.1
7f3f3cf11000-7f3f3cff9000 r-xp 00000000 08:01 22899                      /usr/lib/x86_64-linux-gnu/libstdc++.so.6.0.17
7f3f3cff9000-7f3f3d1f9000 ---p 000e8000 08:01 22899                      /usr/lib/x86_64-linux-gnu/libstdc++.so.6.0.17
7f3f3d1f9000-7f3f3d201000 r--p 000e8000 08:01 22899                      /usr/lib/x86_64-linux-gnu/libstdc++.so.6.0.17
7f3f3d201000-7f3f3d203000 rw-p 000f0000 08:01 22899                      /usr/lib/x86_64-linux-gnu/libstdc++.so.6.0.17
7f3f3d203000-7f3f3d218000 rw-p 00000000 00:00 0 
7f3f3d218000-7f3f3d284000 r-xp 00000000 08:01 3408028                    /tmp/libgdxhugo/83c3ff60/libgdx64.so
7f3f3d284000-7f3f3d484000 ---p 0006c000 08:01 3408028                    /tmp/libgdxhugo/83c3ff60/libgdx64.so
7f3f3d484000-7f3f3d486000 r--p 0006c000 08:01 3408028                    /tmp/libgdxhugo/83c3ff60/libgdx64.so
7f3f3d486000-7f3f3d487000 rw-p 0006e000 08:01 3408028                    /tmp/libgdxhugo/83c3ff60/libgdx64.so
7f3f3d487000-7f3f3d488000 rw-p 00000000 00:00 0 
7f3f3d488000-7f3f3d489000 r--s 00123000 08:01 19532151                   /home/hugo/Travail/ETUDES/MASTER STIC/ANDROID/workspace/taupe-au-logis-desktop/libs/gdx-natives.jar
7f3f3d489000-7f3f3d49a000 r--s 00127000 08:01 19532196                   /home/hugo/Travail/ETUDES/MASTER STIC/ANDROID/workspace/taupe-au-logis-desktop/libs/gdx-backend-lwjgl.jar
7f3f3d49a000-7f3f3d49c000 r--s 0019e000 08:01 19532203                   /home/hugo/Travail/ETUDES/MASTER STIC/ANDROID/workspace/taupe-au-logis-desktop/libs/gdx-backend-lwjgl-natives.jar
7f3f3d49c000-7f3f3d49f000 r--s 0000b000 08:01 19137949                   /home/hugo/Travail/ETUDES/MASTER STIC/ANDROID/workspace/taupe-au-logis/libs/tween-engine-api.jar
7f3f3d49f000-7f3f3d4b4000 r--s 00146000 08:01 19137944                   /home/hugo/Travail/ETUDES/MASTER STIC/ANDROID/workspace/taupe-au-logis/libs/gdx.jar
7f3f3d4b4000-7f3f3d4b5000 r--s 00001000 08:01 19137947                   /home/hugo/Travail/ETUDES/MASTER STIC/ANDROID/workspace/taupe-au-logis/libs/bodyeditor-loader.jar
7f3f3d4b5000-7f3f3d4b6000 ---p 00000000 00:00 0 
7f3f3d4b6000-7f3f3d5b6000 rw-p 00000000 00:00 0 
7f3f3d5b6000-7f3f3d5b9000 ---p 00000000 00:00 0 
7f3f3d5b9000-7f3f3d6b7000 rw-p 00000000 00:00 0 
7f3f3d6b7000-7f3f3d6ba000 ---p 00000000 00:00 0 
7f3f3d6ba000-7f3f3d7b8000 rw-p 00000000 00:00 0 
7f3f3d7b8000-7f3f3d7bb000 ---p 00000000 00:00 0 
7f3f3d7bb000-7f3f3d8b9000 rw-p 00000000 00:00 0 
7f3f3d8b9000-7f3f3d8bc000 ---p 00000000 00:00 0 
7f3f3d8bc000-7f3f3d9ba000 rw-p 00000000 00:00 0 
7f3f3d9ba000-7f3f3db31000 r--p 00000000 08:01 25472                      /usr/lib/locale/locale-archive
7f3f3db31000-7f3f3db34000 ---p 00000000 00:00 0 
7f3f3db34000-7f3f3dc32000 rw-p 00000000 00:00 0 
7f3f3dc32000-7f3f3dc35000 ---p 00000000 00:00 0 
7f3f3dc35000-7f3f3dd33000 rw-p 00000000 00:00 0 
7f3f3dd33000-7f3f3dd34000 ---p 00000000 00:00 0 
7f3f3dd34000-7f3f3f977000 rw-p 00000000 00:00 0 
7f3f3f977000-7f3f3fb34000 r--s 039d3000 08:01 201470                     /opt/jdk1.7.0_40/jre/lib/rt.jar
7f3f3fb34000-7f3f44000000 rw-p 00000000 00:00 0 
7f3f44000000-7f3f44605000 rw-p 00000000 00:00 0 
7f3f44605000-7f3f48000000 ---p 00000000 00:00 0 
7f3f48001000-7f3f4826f000 rw-p 00000000 00:00 0 
7f3f4826f000-7f3f48270000 ---p 00000000 00:00 0 
7f3f48270000-7f3f48370000 rw-p 00000000 00:00 0 
7f3f48370000-7f3f48371000 ---p 00000000 00:00 0 
7f3f48371000-7f3f48471000 rw-p 00000000 00:00 0 
7f3f48471000-7f3f48472000 ---p 00000000 00:00 0 
7f3f48472000-7f3f48572000 rw-p 00000000 00:00 0 
7f3f48572000-7f3f48573000 ---p 00000000 00:00 0 
7f3f48573000-7f3f48673000 rw-p 00000000 00:00 0 
7f3f48673000-7f3f48674000 ---p 00000000 00:00 0 
7f3f48674000-7f3f48774000 rw-p 00000000 00:00 0 
7f3f48774000-7f3f48775000 ---p 00000000 00:00 0 
7f3f48775000-7f3f48875000 rw-p 00000000 00:00 0 
7f3f48875000-7f3f48876000 ---p 00000000 00:00 0 
7f3f48876000-7f3f48976000 rw-p 00000000 00:00 0 
7f3f48976000-7f3f48977000 ---p 00000000 00:00 0 
7f3f48977000-7f3f48a82000 rw-p 00000000 00:00 0 
7f3f48a82000-7f3f48aa0000 rw-p 00000000 00:00 0 
7f3f48aa0000-7f3f48aca000 rw-p 00000000 00:00 0 
7f3f48aca000-7f3f48d38000 rw-p 00000000 00:00 0 
7f3f48d38000-7f3f48d43000 rw-p 00000000 00:00 0 
7f3f48d43000-7f3f48d61000 rw-p 00000000 00:00 0 
7f3f48d61000-7f3f48d8b000 rw-p 00000000 00:00 0 
7f3f48d8b000-7f3f48ff8000 rw-p 00000000 00:00 0 
7f3f48ff8000-7f3f4900d000 rw-p 00000000 00:00 0 
7f3f4900d000-7f3f49144000 rw-p 00000000 00:00 0 
7f3f49144000-7f3f49145000 rw-p 00000000 00:00 0 
7f3f49145000-7f3f493b5000 rwxp 00000000 00:00 0 
7f3f493b5000-7f3f4c145000 rw-p 00000000 00:00 0 
7f3f4c145000-7f3f4c15f000 r-xp 00000000 08:01 201355                     /opt/jdk1.7.0_40/jre/lib/amd64/libzip.so
7f3f4c15f000-7f3f4c35f000 ---p 0001a000 08:01 201355                     /opt/jdk1.7.0_40/jre/lib/amd64/libzip.so
7f3f4c35f000-7f3f4c360000 rw-p 0001a000 08:01 201355                     /opt/jdk1.7.0_40/jre/lib/amd64/libzip.so
7f3f4c360000-7f3f4c36b000 r-xp 00000000 08:01 13342                      /lib/x86_64-linux-gnu/libnss_files-2.13.so
7f3f4c36b000-7f3f4c56a000 ---p 0000b000 08:01 13342                      /lib/x86_64-linux-gnu/libnss_files-2.13.so
7f3f4c56a000-7f3f4c56b000 r--p 0000a000 08:01 13342                      /lib/x86_64-linux-gnu/libnss_files-2.13.so
7f3f4c56b000-7f3f4c56c000 rw-p 0000b000 08:01 13342                      /lib/x86_64-linux-gnu/libnss_files-2.13.so
7f3f4c56c000-7f3f4c576000 r-xp 00000000 08:01 13354                      /lib/x86_64-linux-gnu/libnss_nis-2.13.so
7f3f4c576000-7f3f4c775000 ---p 0000a000 08:01 13354                      /lib/x86_64-linux-gnu/libnss_nis-2.13.so
7f3f4c775000-7f3f4c776000 r--p 00009000 08:01 13354                      /lib/x86_64-linux-gnu/libnss_nis-2.13.so
7f3f4c776000-7f3f4c777000 rw-p 0000a000 08:01 13354                      /lib/x86_64-linux-gnu/libnss_nis-2.13.so
7f3f4c777000-7f3f4c78c000 r-xp 00000000 08:01 13352                      /lib/x86_64-linux-gnu/libnsl-2.13.so
7f3f4c78c000-7f3f4c98b000 ---p 00015000 08:01 13352                      /lib/x86_64-linux-gnu/libnsl-2.13.so
7f3f4c98b000-7f3f4c98c000 r--p 00014000 08:01 13352                      /lib/x86_64-linux-gnu/libnsl-2.13.so
7f3f4c98c000-7f3f4c98d000 rw-p 00015000 08:01 13352                      /lib/x86_64-linux-gnu/libnsl-2.13.so
7f3f4c98d000-7f3f4c98f000 rw-p 00000000 00:00 0 
7f3f4c98f000-7f3f4c996000 r-xp 00000000 08:01 13344                      /lib/x86_64-linux-gnu/libnss_compat-2.13.so
7f3f4c996000-7f3f4cb95000 ---p 00007000 08:01 13344                      /lib/x86_64-linux-gnu/libnss_compat-2.13.so
7f3f4cb95000-7f3f4cb96000 r--p 00006000 08:01 13344                      /lib/x86_64-linux-gnu/libnss_compat-2.13.so
7f3f4cb96000-7f3f4cb97000 rw-p 00007000 08:01 13344                      /lib/x86_64-linux-gnu/libnss_compat-2.13.so
7f3f4cb97000-7f3f4cbc0000 r-xp 00000000 08:01 201338                     /opt/jdk1.7.0_40/jre/lib/amd64/libjava.so
7f3f4cbc0000-7f3f4cdc0000 ---p 00029000 08:01 201338                     /opt/jdk1.7.0_40/jre/lib/amd64/libjava.so
7f3f4cdc0000-7f3f4cdc2000 rw-p 00029000 08:01 201338                     /opt/jdk1.7.0_40/jre/lib/amd64/libjava.so
7f3f4cdc2000-7f3f4cdcf000 r-xp 00000000 08:01 201300                     /opt/jdk1.7.0_40/jre/lib/amd64/libverify.so
7f3f4cdcf000-7f3f4cfce000 ---p 0000d000 08:01 201300                     /opt/jdk1.7.0_40/jre/lib/amd64/libverify.so
7f3f4cfce000-7f3f4cfd0000 rw-p 0000c000 08:01 201300                     /opt/jdk1.7.0_40/jre/lib/amd64/libverify.so
7f3f4cfd0000-7f3f4cfd7000 r-xp 00000000 08:01 13343                      /lib/x86_64-linux-gnu/librt-2.13.so
7f3f4cfd7000-7f3f4d1d6000 ---p 00007000 08:01 13343                      /lib/x86_64-linux-gnu/librt-2.13.so
7f3f4d1d6000-7f3f4d1d7000 r--p 00006000 08:01 13343                      /lib/x86_64-linux-gnu/librt-2.13.so
7f3f4d1d7000-7f3f4d1d8000 rw-p 00007000 08:01 13343                      /lib/x86_64-linux-gnu/librt-2.13.so
7f3f4d1d8000-7f3f4d259000 r-xp 00000000 08:01 13345                      /lib/x86_64-linux-gnu/libm-2.13.so
7f3f4d259000-7f3f4d458000 ---p 00081000 08:01 13345                      /lib/x86_64-linux-gnu/libm-2.13.so
7f3f4d458000-7f3f4d459000 r--p 00080000 08:01 13345                      /lib/x86_64-linux-gnu/libm-2.13.so
7f3f4d459000-7f3f4d45a000 rw-p 00081000 08:01 13345                      /lib/x86_64-linux-gnu/libm-2.13.so
7f3f4d45a000-7f3f4dfbc000 r-xp 00000000 08:01 201314                     /opt/jdk1.7.0_40/jre/lib/amd64/server/libjvm.so
7f3f4dfbc000-7f3f4e1bc000 ---p 00b62000 08:01 201314                     /opt/jdk1.7.0_40/jre/lib/amd64/server/libjvm.so
7f3f4e1bc000-7f3f4e27f000 rw-p 00b62000 08:01 201314                     /opt/jdk1.7.0_40/jre/lib/amd64/server/libjvm.so
7f3f4e27f000-7f3f4e2c0000 rw-p 00000000 00:00 0 
7f3f4e2c0000-7f3f4e440000 r-xp 00000000 08:01 13348                      /lib/x86_64-linux-gnu/libc-2.13.so
7f3f4e440000-7f3f4e640000 ---p 00180000 08:01 13348                      /lib/x86_64-linux-gnu/libc-2.13.so
7f3f4e640000-7f3f4e644000 r--p 00180000 08:01 13348                      /lib/x86_64-linux-gnu/libc-2.13.so
7f3f4e644000-7f3f4e645000 rw-p 00184000 08:01 13348                      /lib/x86_64-linux-gnu/libc-2.13.so
7f3f4e645000-7f3f4e64a000 rw-p 00000000 00:00 0 
7f3f4e64a000-7f3f4e64c000 r-xp 00000000 08:01 13341                      /lib/x86_64-linux-gnu/libdl-2.13.so
7f3f4e64c000-7f3f4e84c000 ---p 00002000 08:01 13341                      /lib/x86_64-linux-gnu/libdl-2.13.so
7f3f4e84c000-7f3f4e84d000 r--p 00002000 08:01 13341                      /lib/x86_64-linux-gnu/libdl-2.13.so
7f3f4e84d000-7f3f4e84e000 rw-p 00003000 08:01 13341                      /lib/x86_64-linux-gnu/libdl-2.13.so
7f3f4e84e000-7f3f4e864000 r-xp 00000000 08:01 201329                     /opt/jdk1.7.0_40/jre/lib/amd64/jli/libjli.so
7f3f4e864000-7f3f4ea64000 ---p 00016000 08:01 201329                     /opt/jdk1.7.0_40/jre/lib/amd64/jli/libjli.so
7f3f4ea64000-7f3f4ea65000 rw-p 00016000 08:01 201329                     /opt/jdk1.7.0_40/jre/lib/amd64/jli/libjli.so
7f3f4ea65000-7f3f4ea7c000 r-xp 00000000 08:01 13338                      /lib/x86_64-linux-gnu/libpthread-2.13.so
7f3f4ea7c000-7f3f4ec7b000 ---p 00017000 08:01 13338                      /lib/x86_64-linux-gnu/libpthread-2.13.so
7f3f4ec7b000-7f3f4ec7c000 r--p 00016000 08:01 13338                      /lib/x86_64-linux-gnu/libpthread-2.13.so
7f3f4ec7c000-7f3f4ec7d000 rw-p 00017000 08:01 13338                      /lib/x86_64-linux-gnu/libpthread-2.13.so
7f3f4ec7d000-7f3f4ec81000 rw-p 00000000 00:00 0 
7f3f4ec81000-7f3f4eca1000 r-xp 00000000 08:01 13351                      /lib/x86_64-linux-gnu/ld-2.13.so
7f3f4ecb7000-7f3f4ecc1000 r--p 00000000 08:01 36057                      /usr/share/locale/fr/LC_MESSAGES/pulseaudio.mo
7f3f4ecc1000-7f3f4eccb000 rw-p 00000000 00:00 0 
7f3f4eccb000-7f3f4ed81000 rw-p 00000000 00:00 0 
7f3f4ed81000-7f3f4ed84000 ---p 00000000 00:00 0 
7f3f4ed84000-7f3f4ee86000 rw-p 00000000 00:00 0 
7f3f4ee8b000-7f3f4ee8c000 rw-p 00000000 00:00 0 
7f3f4ee8c000-7f3f4ee8d000 rw-s 00000000 00:04 134077                     /drm mm object (deleted)
7f3f4ee8d000-7f3f4ee94000 r--s 00000000 08:01 19085                      /usr/lib/x86_64-linux-gnu/gconv/gconv-modules.cache
7f3f4ee94000-7f3f4ee9c000 rw-s 00000000 08:01 3408599                    /tmp/hsperfdata_hugo/15976
7f3f4ee9c000-7f3f4ee9d000 rw-p 00000000 00:00 0 
7f3f4ee9d000-7f3f4ee9e000 r--p 00000000 00:00 0 
7f3f4ee9e000-7f3f4eea0000 rw-p 00000000 00:00 0 
7f3f4eea0000-7f3f4eea1000 r--p 0001f000 08:01 13351                      /lib/x86_64-linux-gnu/ld-2.13.so
7f3f4eea1000-7f3f4eea2000 rw-p 00020000 08:01 13351                      /lib/x86_64-linux-gnu/ld-2.13.so
7f3f4eea2000-7f3f4eea3000 rw-p 00000000 00:00 0 
7fff02826000-7fff02847000 rw-p 00000000 00:00 0                          [stack]
7fff028bf000-7fff028c0000 r-xp 00000000 00:00 0                          [vdso]
ffffffffff600000-ffffffffff601000 r-xp 00000000 00:00 0                  [vsyscall]

VM Arguments:
jvm_args: -Dfile.encoding=UTF-8 
java_command: com.koin.taupe.Main
Launcher Type: SUN_STANDARD

Environment Variables:
PATH=/home/hugo/bin:/usr/local/bin:/usr/bin:/bin:/usr/local/games:/usr/games
USERNAME=hugo
SHELL=/bin/bash
DISPLAY=:0.0

Signal Handlers:
SIGSEGV: [libjvm.so+0x992d50], sa_mask[0]=0x7ffbfeff, sa_flags=0x10000004
SIGBUS: [libjvm.so+0x992d50], sa_mask[0]=0x7ffbfeff, sa_flags=0x10000004
SIGFPE: [libjvm.so+0x80fb00], sa_mask[0]=0x7ffbfeff, sa_flags=0x10000004
SIGPIPE: [libjvm.so+0x80fb00], sa_mask[0]=0x7ffbfeff, sa_flags=0x10000004
SIGXFSZ: [libjvm.so+0x80fb00], sa_mask[0]=0x7ffbfeff, sa_flags=0x10000004
SIGILL: [libjvm.so+0x80fb00], sa_mask[0]=0x7ffbfeff, sa_flags=0x10000004
SIGUSR1: SIG_DFL, sa_mask[0]=0x00000000, sa_flags=0x00000000
SIGUSR2: [libjvm.so+0x810ff0], sa_mask[0]=0x00000004, sa_flags=0x10000004
SIGHUP: [libjvm.so+0x811f60], sa_mask[0]=0x7ffbfeff, sa_flags=0x10000004
SIGINT: [libjvm.so+0x811f60], sa_mask[0]=0x7ffbfeff, sa_flags=0x10000004
SIGTERM: [libjvm.so+0x811f60], sa_mask[0]=0x7ffbfeff, sa_flags=0x10000004
SIGQUIT: [libjvm.so+0x811f60], sa_mask[0]=0x7ffbfeff, sa_flags=0x10000004


---------------  S Y S T E M  ---------------

OS:7.2

uname:Linux 3.2.0-4-amd64 #1 SMP Debian 3.2.51-1 x86_64
libc:glibc 2.13 NPTL 2.13 
rlimit: STACK 8192k, CORE 0k, NPROC 63532, NOFILE 4096, AS infinity
load average:0,35 0,38 0,45

/proc/meminfo:
MemTotal:        8144272 kB
MemFree:         5304048 kB
Buffers:           27352 kB
Cached:           838756 kB
SwapCached:        53032 kB
Active:          1950028 kB
Inactive:         669952 kB
Active(anon):    1689708 kB
Inactive(anon):   279452 kB
Active(file):     260320 kB
Inactive(file):   390500 kB
Unevictable:          40 kB
Mlocked:              40 kB
SwapTotal:      16668668 kB
SwapFree:       16587564 kB
Dirty:               204 kB
Writeback:             0 kB
AnonPages:       1704588 kB
Mapped:           187240 kB
Shmem:            215288 kB
Slab:             128824 kB
SReclaimable:      93392 kB
SUnreclaim:        35432 kB
KernelStack:        4496 kB
PageTables:        34760 kB
NFS_Unstable:          0 kB
Bounce:                0 kB
WritebackTmp:          0 kB
CommitLimit:    20740804 kB
Committed_AS:    5264832 kB
VmallocTotal:   34359738367 kB
VmallocUsed:      568548 kB
VmallocChunk:   34359164944 kB
HardwareCorrupted:     0 kB
AnonHugePages:         0 kB
HugePages_Total:       0
HugePages_Free:        0
HugePages_Rsvd:        0
HugePages_Surp:        0
Hugepagesize:       2048 kB
DirectMap4k:       55296 kB
DirectMap2M:     8282112 kB


CPU:total 8 (4 cores per cpu, 2 threads per core) family 6 model 42 stepping 7, cmov, cx8, fxsr, mmx, sse, sse2, sse3, ssse3, sse4.1, sse4.2, popcnt, avx, aes, ht, tsc, tscinvbit

/proc/cpuinfo:
processor	: 0
vendor_id	: GenuineIntel
cpu family	: 6
model		: 42
model name	: Intel(R) Core(TM) i7-2670QM CPU @ 2.20GHz
stepping	: 7
microcode	: 0x1a
cpu MHz		: 2201.000
cache size	: 6144 KB
physical id	: 0
siblings	: 8
core id		: 0
cpu cores	: 4
apicid		: 0
initial apicid	: 0
fpu		: yes
fpu_exception	: yes
cpuid level	: 13
wp		: yes
flags		: fpu vme de pse tsc msr pae mce cx8 apic sep mtrr pge mca cmov pat pse36 clflush dts acpi mmx fxsr sse sse2 ss ht tm pbe syscall nx rdtscp lm constant_tsc arch_perfmon pebs bts rep_good nopl xtopology nonstop_tsc aperfmperf pni pclmulqdq dtes64 monitor ds_cpl vmx est tm2 ssse3 cx16 xtpr pdcm pcid sse4_1 sse4_2 x2apic popcnt tsc_deadline_timer aes xsave avx lahf_lm ida arat epb xsaveopt pln pts dtherm tpr_shadow vnmi flexpriority ept vpid
bogomips	: 4390.42
clflush size	: 64
cache_alignment	: 64
address sizes	: 36 bits physical, 48 bits virtual
power management:

processor	: 1
vendor_id	: GenuineIntel
cpu family	: 6
model		: 42
model name	: Intel(R) Core(TM) i7-2670QM CPU @ 2.20GHz
stepping	: 7
microcode	: 0x1a
cpu MHz		: 2201.000
cache size	: 6144 KB
physical id	: 0
siblings	: 8
core id		: 0
cpu cores	: 4
apicid		: 1
initial apicid	: 1
fpu		: yes
fpu_exception	: yes
cpuid level	: 13
wp		: yes
flags		: fpu vme de pse tsc msr pae mce cx8 apic sep mtrr pge mca cmov pat pse36 clflush dts acpi mmx fxsr sse sse2 ss ht tm pbe syscall nx rdtscp lm constant_tsc arch_perfmon pebs bts rep_good nopl xtopology nonstop_tsc aperfmperf pni pclmulqdq dtes64 monitor ds_cpl vmx est tm2 ssse3 cx16 xtpr pdcm pcid sse4_1 sse4_2 x2apic popcnt tsc_deadline_timer aes xsave avx lahf_lm ida arat epb xsaveopt pln pts dtherm tpr_shadow vnmi flexpriority ept vpid
bogomips	: 4389.99
clflush size	: 64
cache_alignment	: 64
address sizes	: 36 bits physical, 48 bits virtual
power management:

processor	: 2
vendor_id	: GenuineIntel
cpu family	: 6
model		: 42
model name	: Intel(R) Core(TM) i7-2670QM CPU @ 2.20GHz
stepping	: 7
microcode	: 0x1a
cpu MHz		: 800.000
cache size	: 6144 KB
physical id	: 0
siblings	: 8
core id		: 1
cpu cores	: 4
apicid		: 2
initial apicid	: 2
fpu		: yes
fpu_exception	: yes
cpuid level	: 13
wp		: yes
flags		: fpu vme de pse tsc msr pae mce cx8 apic sep mtrr pge mca cmov pat pse36 clflush dts acpi mmx fxsr sse sse2 ss ht tm pbe syscall nx rdtscp lm constant_tsc arch_perfmon pebs bts rep_good nopl xtopology nonstop_tsc aperfmperf pni pclmulqdq dtes64 monitor ds_cpl vmx est tm2 ssse3 cx16 xtpr pdcm pcid sse4_1 sse4_2 x2apic popcnt tsc_deadline_timer aes xsave avx lahf_lm ida arat epb xsaveopt pln pts dtherm tpr_shadow vnmi flexpriority ept vpid
bogomips	: 4390.01
clflush size	: 64
cache_alignment	: 64
address sizes	: 36 bits physical, 48 bits virtual
power management:

processor	: 3
vendor_id	: GenuineIntel
cpu family	: 6
model		: 42
model name	: Intel(R) Core(TM) i7-2670QM CPU @ 2.20GHz
stepping	: 7
microcode	: 0x1a
cpu MHz		: 800.000
cache size	: 6144 KB
physical id	: 0
siblings	: 8
core id		: 1
cpu cores	: 4
apicid		: 3
initial apicid	: 3
fpu		: yes
fpu_exception	: yes
cpuid level	: 13
wp		: yes
flags		: fpu vme de pse tsc msr pae mce cx8 apic sep mtrr pge mca cmov pat pse36 clflush dts acpi mmx fxsr sse sse2 ss ht tm pbe syscall nx rdtscp lm constant_tsc arch_perfmon pebs bts rep_good nopl xtopology nonstop_tsc aperfmperf pni pclmulqdq dtes64 monitor ds_cpl vmx est tm2 ssse3 cx16 xtpr pdcm pcid sse4_1 sse4_2 x2apic popcnt tsc_deadline_timer aes xsave avx lahf_lm ida arat epb xsaveopt pln pts dtherm tpr_shadow vnmi flexpriority ept vpid
bogomips	: 4390.00
clflush size	: 64
cache_alignment	: 64
address sizes	: 36 bits physical, 48 bits virtual
power management:

processor	: 4
vendor_id	: GenuineIntel
cpu family	: 6
model		: 42
model name	: Intel(R) Core(TM) i7-2670QM CPU @ 2.20GHz
stepping	: 7
microcode	: 0x1a
cpu MHz		: 800.000
cache size	: 6144 KB
physical id	: 0
siblings	: 8
core id		: 2
cpu cores	: 4
apicid		: 4
initial apicid	: 4
fpu		: yes
fpu_exception	: yes
cpuid level	: 13
wp		: yes
flags		: fpu vme de pse tsc msr pae mce cx8 apic sep mtrr pge mca cmov pat pse36 clflush dts acpi mmx fxsr sse sse2 ss ht tm pbe syscall nx rdtscp lm constant_tsc arch_perfmon pebs bts rep_good nopl xtopology nonstop_tsc aperfmperf pni pclmulqdq dtes64 monitor ds_cpl vmx est tm2 ssse3 cx16 xtpr pdcm pcid sse4_1 sse4_2 x2apic popcnt tsc_deadline_timer aes xsave avx lahf_lm ida arat epb xsaveopt pln pts dtherm tpr_shadow vnmi flexpriority ept vpid
bogomips	: 4390.01
clflush size	: 64
cache_alignment	: 64
address sizes	: 36 bits physical, 48 bits virtual
power management:

processor	: 5
vendor_id	: GenuineIntel
cpu family	: 6
model		: 42
model name	: Intel(R) Core(TM) i7-2670QM CPU @ 2.20GHz
stepping	: 7
microcode	: 0x1a
cpu MHz		: 2201.000
cache size	: 6144 KB
physical id	: 0
siblings	: 8
core id		: 2
cpu cores	: 4
apicid		: 5
initial apicid	: 5
fpu		: yes
fpu_exception	: yes
cpuid level	: 13
wp		: yes
flags		: fpu vme de pse tsc msr pae mce cx8 apic sep mtrr pge mca cmov pat pse36 clflush dts acpi mmx fxsr sse sse2 ss ht tm pbe syscall nx rdtscp lm constant_tsc arch_perfmon pebs bts rep_good nopl xtopology nonstop_tsc aperfmperf pni pclmulqdq dtes64 monitor ds_cpl vmx est tm2 ssse3 cx16 xtpr pdcm pcid sse4_1 sse4_2 x2apic popcnt tsc_deadline_timer aes xsave avx lahf_lm ida arat epb xsaveopt pln pts dtherm tpr_shadow vnmi flexpriority ept vpid
bogomips	: 4390.01
clflush size	: 64
cache_alignment	: 64
address sizes	: 36 bits physical, 48 bits virtual
power management:

processor	: 6
vendor_id	: GenuineIntel
cpu family	: 6
model		: 42
model name	: Intel(R) Core(TM) i7-2670QM CPU @ 2.20GHz
stepping	: 7
microcode	: 0x1a
cpu MHz		: 800.000
cache size	: 6144 KB
physical id	: 0
siblings	: 8
core id		: 3
cpu cores	: 4
apicid		: 6
initial apicid	: 6
fpu		: yes
fpu_exception	: yes
cpuid level	: 13
wp		: yes
flags		: fpu vme de pse tsc msr pae mce cx8 apic sep mtrr pge mca cmov pat pse36 clflush dts acpi mmx fxsr sse sse2 ss ht tm pbe syscall nx rdtscp lm constant_tsc arch_perfmon pebs bts rep_good nopl xtopology nonstop_tsc aperfmperf pni pclmulqdq dtes64 monitor ds_cpl vmx est tm2 ssse3 cx16 xtpr pdcm pcid sse4_1 sse4_2 x2apic popcnt tsc_deadline_timer aes xsave avx lahf_lm ida arat epb xsaveopt pln pts dtherm tpr_shadow vnmi flexpriority ept vpid
bogomips	: 4390.01
clflush size	: 64
cache_alignment	: 64
address sizes	: 36 bits physical, 48 bits virtual
power management:

processor	: 7
vendor_id	: GenuineIntel
cpu family	: 6
model		: 42
model name	: Intel(R) Core(TM) i7-2670QM CPU @ 2.20GHz
stepping	: 7
microcode	: 0x1a
cpu MHz		: 800.000
cache size	: 6144 KB
physical id	: 0
siblings	: 8
core id		: 3
cpu cores	: 4
apicid		: 7
initial apicid	: 7
fpu		: yes
fpu_exception	: yes
cpuid level	: 13
wp		: yes
flags		: fpu vme de pse tsc msr pae mce cx8 apic sep mtrr pge mca cmov pat pse36 clflush dts acpi mmx fxsr sse sse2 ss ht tm pbe syscall nx rdtscp lm constant_tsc arch_perfmon pebs bts rep_good nopl xtopology nonstop_tsc aperfmperf pni pclmulqdq dtes64 monitor ds_cpl vmx est tm2 ssse3 cx16 xtpr pdcm pcid sse4_1 sse4_2 x2apic popcnt tsc_deadline_timer aes xsave avx lahf_lm ida arat epb xsaveopt pln pts dtherm tpr_shadow vnmi flexpriority ept vpid
bogomips	: 4390.00
clflush size	: 64
cache_alignment	: 64
address sizes	: 36 bits physical, 48 bits virtual
power management:



Memory: 4k page, physical 8144272k(5304048k free), swap 16668668k(16587564k free)

vm_info: Java HotSpot(TM) 64-Bit Server VM (24.0-b56) for linux-amd64 JRE (1.7.0_40-b43), built on Aug 26 2013 23:53:33 by "java_re" with gcc 4.3.0 20080428 (Red Hat 4.3.0-8)

